<?xml version="1.0" encoding="UTF-8"?>
<!-- Generated by org.testng.reporters.JUnitReportReporter -->
<testsuite skipped="0" hostname="Dreammoon" name="testCases.loginApplication" tests="1" failures="0" timestamp="21 Sep 2018 07:10:26 GMT" time="53.875" errors="0">
  <testcase name="login" time="53.875" classname="testCases.loginApplication"/>
</testsuite> <!-- testCases.loginApplication -->
