<?xml version="1.0" encoding="UTF-8"?>
<!-- Generated by org.testng.reporters.JUnitReportReporter -->
<testsuite skipped="0" hostname="Dreammoon" name="testCases.testApplication" tests="1" failures="0" timestamp="21 Sep 2018 08:19:25 GMT" time="16.702" errors="0">
  <testcase name="login" time="16.702" classname="testCases.testApplication"/>
</testsuite> <!-- testCases.testApplication -->
